<?xml version="1.0" encoding="UTF-8"?>
<testsuite xmlns:xsi="http://www.w3.org/2001/XMLSchema-instance" xsi:noNamespaceSchemaLocation="https://maven.apache.org/surefire/maven-surefire-plugin/xsd/surefire-test-report-3.0.xsd" version="3.0" name="geocoding.AddressResolverTest" time="0.669" tests="2" errors="0" skipped="0" failures="0">
  <properties>
[...]
</properties>
  <testcase name="whenBadCoordidates_thenReturnNoValidAddress" classname="geocoding.AddressResolverTest" time="0.636">
    <system-err><![CDATA[fev. 28, 2024 4:53:18 DA TARDE geocoding.AddressResolverService findAddressForLocation
INFO: {
  "info": {
    "statuscode": 400,
    "copyright": {
      "text": "© 2024 MapQuest, Inc.",
      "imageUrl": "http://api.mqcdn.com/res/mqlogo.gif",
      "imageAltText": "© 2024 MapQuest, Inc."
    },
    "messages": [
      "Illegal argument from request: Invalid LatLng specified."
    ]
  },
  "options": {
    "maxResults": 1,
    "ignoreLatLngInput": false
  },
  "results": [
    {
      "providedLocation": {},
      "locations": []
    }
  ]
}
]]></system-err>
  </testcase>
  <testcase name="whenResolveDetiGps_returnJacintoMagalhaeAddress" classname="geocoding.AddressResolverTest" time="0.01">
    <system-err><![CDATA[fev. 28, 2024 4:53:18 DA TARDE geocoding.AddressResolverService findAddressForLocation
INFO: {
  "info": {
    "statuscode": 0,
    "copyright": {
      "text": "© 2024 MapQuest, Inc.",
      "imageUrl": "https://api.mqcdn.com/res/mqlogo.gif",
      "imageAltText": "© 2024 MapQuest, Inc."
    },
    "messages": []
  },
  "options": {
    "maxResults": 1,
    "thumbMaps": true,
    "ignoreLatLngInput": false
  },
  "results": [
    {
      "providedLocation": {
        "latLng": {
          "lat": 30.333472,
          "lng": -81.470448
        }
      },
      "locations": [
        {
          "street": "Avenida da Universidade",
          "adminArea6": "",
          "adminArea6Type": "Neighborhood",
          "adminArea5": "Aveiro",
          "adminArea5Type": "City",
          "adminArea4": "Duval",
          "adminArea4Type": "County",
          "adminArea3": "FL",
          "adminArea3Type": "State",
          "adminArea1": "US",
          "adminArea1Type": "Country",
          "postalCode": "3810-489",
          "geocodeQualityCode": "L1AAA",
          "geocodeQuality": "ADDRESS",
          "dragPoint": false,
          "sideOfStreet": "R",
          "linkId": "0",
          "unknownInput": "",
          "type": "s",
          "latLng": {
            "lat": 30.33472,
            "lng": -81.470448
          },
          "displayLatLng": {
            "lat": 30.333472,
            "lng": -81.470448
          },
          "mapUrl": "https://www.mapquestapi.com/staticmap/v4/getmap?key=KEY&type=map&size=225,160&pois=purple-1,30.3334721,-81.4704483,0,0,|&center=30.3334721,-81.4704483&zoom=15&rand=-553163060",
          "nearestIntersection": {
            "streetDisplayName": "Posey Cir",
            "distanceMeters": "851755.1608527573",
            "latLng": {
              "longitude": -87.523761,
              "latitude": 35.013434
            },
            "label": "Danley Rd & Posey Cir"
          },
          "roadMetadata": {
            "speedLimitUnits": "mph",
            "tollRoad": null,
            "speedLimit": 40
          }
        }
      ]
    }
  ]
}
]]></system-err>
  </testcase>
</testsuite>