<?xml version="1.0" encoding="UTF-8"?>
<testsuite xmlns:xsi="http://www.w3.org/2001/XMLSchema-instance" xsi:noNamespaceSchemaLocation="https://maven.apache.org/surefire/maven-surefire-plugin/xsd/surefire-test-report-3.0.xsd" version="3.0" name="io.github.bonigarcia.CucumberTest" time="0.424" tests="10" errors="0" skipped="0" failures="0">
  <properties>
[...]
</properties>
  <testcase name="Addition" classname="Basic Arithmetic" time="0.296">
    <system-out><![CDATA[2024-03-20 17:11:28 [main] DEBUG i.github.bonigarcia.CalculatorSteps.add(42) -- Adding 4 and 5
2024-03-20 17:11:28 [main] DEBUG i.github.bonigarcia.CalculatorSteps.the_result_is(60) -- Result: 9.0 (expected 9.0)
]]></system-out>
  </testcase>
  <testcase name="Substraction" classname="Basic Arithmetic" time="0.004">
    <system-out><![CDATA[2024-03-20 17:11:28 [main] DEBUG i.github.bonigarcia.CalculatorSteps.substract(50) -- Substracting 7 and 2
2024-03-20 17:11:28 [main] DEBUG i.github.bonigarcia.CalculatorSteps.the_result_is(60) -- Result: 5.0 (expected 5.0)
]]></system-out>
  </testcase>
  <testcase name="Multiplication" classname="Basic Arithmetic" time="0.003">
    <system-out><![CDATA[2024-03-20 17:11:28 [main] DEBUG i.github.bonigarcia.CalculatorSteps.multiply(74) -- Multiplying 4 and 5
2024-03-20 17:11:28 [main] DEBUG i.github.bonigarcia.CalculatorSteps.the_result_is(60) -- Result: 20.0 (expected 20.0)
]]></system-out>
  </testcase>
  <testcase name="Division" classname="Basic Arithmetic" time="0.003">
    <system-out><![CDATA[2024-03-20 17:11:28 [main] DEBUG i.github.bonigarcia.CalculatorSteps.divide(82) -- Dividing 10 and 2
2024-03-20 17:11:28 [main] DEBUG i.github.bonigarcia.CalculatorSteps.the_result_is(60) -- Result: 5.0 (expected 5.0)
]]></system-out>
  </testcase>
  <testcase name="Division" classname="Basic Arithmetic" time="0.004">
    <system-out><![CDATA[2024-03-20 17:11:28 [main] DEBUG i.github.bonigarcia.CalculatorSteps.divide(82) -- Dividing 0 and 2
2024-03-20 17:11:28 [main] DEBUG i.github.bonigarcia.CalculatorSteps.the_result_is(60) -- Result: 0.0 (expected 0.0)
]]></system-out>
  </testcase>
  <testcase name="Division by zero" classname="Basic Arithmetic" time="0.002">
    <system-out><![CDATA[2024-03-20 17:11:28 [main] DEBUG i.github.bonigarcia.CalculatorSteps.divide(82) -- Dividing 10 and 0
2024-03-20 17:11:28 [main] DEBUG i.github.bonigarcia.CalculatorSteps.the_result_is_inf(68) -- Result: Infinity (expected Infinity)
]]></system-out>
  </testcase>
  <testcase name="Example #1.1" classname="Single digits" time="0.003">
    <system-out><![CDATA[2024-03-20 17:11:28 [main] DEBUG i.github.bonigarcia.CalculatorSteps.add(42) -- Adding 1 and 2
2024-03-20 17:11:28 [main] DEBUG i.github.bonigarcia.CalculatorSteps.the_result_is(60) -- Result: 3.0 (expected 3.0)
]]></system-out>
  </testcase>
  <testcase name="Example #1.1" classname="Single digits" time="0.003">
    <system-out><![CDATA[2024-03-20 17:11:28 [main] DEBUG i.github.bonigarcia.CalculatorSteps.substract(50) -- Substracting 3 and 2
2024-03-20 17:11:28 [main] DEBUG i.github.bonigarcia.CalculatorSteps.the_result_is(60) -- Result: 1.0 (expected 1.0)
]]></system-out>
  </testcase>
  <testcase name="Example #1.2" classname="Single digits" time="0.005">
    <system-out><![CDATA[2024-03-20 17:11:28 [main] DEBUG i.github.bonigarcia.CalculatorSteps.add(42) -- Adding 3 and 7
2024-03-20 17:11:28 [main] DEBUG i.github.bonigarcia.CalculatorSteps.the_result_is(60) -- Result: 10.0 (expected 10.0)
]]></system-out>
  </testcase>
  <testcase name="Example #1.2" classname="Single digits" time="0.003">
    <system-out><![CDATA[2024-03-20 17:11:28 [main] DEBUG i.github.bonigarcia.CalculatorSteps.substract(50) -- Substracting 10 and 7
2024-03-20 17:11:28 [main] DEBUG i.github.bonigarcia.CalculatorSteps.the_result_is(60) -- Result: 3.0 (expected 3.0)
]]></system-out>
  </testcase>
</testsuite>